<?xml version="1.0" encoding="UTF-8"?>
<!-- Generated by org.testng.reporters.JUnitReportReporter -->
<testsuite hostname="admin" failures="0" tests="3" name="parallel.ParallelExe1" time="0.016" errors="0" timestamp="2024-02-28T16:03:59 IST" skipped="0">
  <testcase classname="parallel.ParallelExe1" name="testMethod_1" time="0.013"/>
  <testcase classname="parallel.ParallelExe1" name="testMethod_3" time="0.002"/>
  <testcase classname="parallel.ParallelExe1" name="testMethod_2" time="0.001"/>
</testsuite> <!-- parallel.ParallelExe1 -->
