<?xml version="1.0" encoding="UTF-8"?>
<!-- Generated by org.testng.reporters.JUnitReportReporter -->
<testsuite hostname="admin" failures="0" tests="3" name="parallel.ParallelExe2" time="0.005" errors="0" timestamp="2024-02-28T16:03:59 IST" skipped="0">
  <testcase classname="parallel.ParallelExe2" name="testMethod_6" time="0.002"/>
  <testcase classname="parallel.ParallelExe2" name="testMethod_4" time="0.002"/>
  <testcase classname="parallel.ParallelExe2" name="testMethod_5" time="0.001"/>
</testsuite> <!-- parallel.ParallelExe2 -->
