<?xml version="1.0" encoding="UTF-8"?>
<!-- Generated by org.testng.reporters.JUnitReportReporter -->
<testsuite hostname="admin" failures="0" tests="3" name="com.parallelExecutionTestNG.BaseScript" time="0.000" errors="0" timestamp="2024-02-27T15:19:30 IST" skipped="3">
  <testcase classname="com.parallelExecutionTestNG.BaseScript" name="handleException" time="0.000">
    <skipped/>
  </testcase> <!-- handleException -->
  <testcase classname="com.parallelExecutionTestNG.BaseScript" name="handleException" time="0.000">
    <skipped/>
  </testcase> <!-- handleException -->
  <testcase classname="com.parallelExecutionTestNG.BaseScript" name="handleException" time="0.000">
    <skipped/>
  </testcase> <!-- handleException -->
</testsuite> <!-- com.parallelExecutionTestNG.BaseScript -->
