<?xml version="1.0" encoding="UTF-8"?>
<!-- Generated by org.testng.reporters.JUnitReportReporter -->
<testsuite hostname="admin" failures="0" tests="1" name="com.ddwithPrpertyFile.TestScript2" time="3.313" errors="0" timestamp="2024-03-06T20:02:39 IST" skipped="0">
  <testcase classname="com.ddwithPrpertyFile.TestScript2" name="login" time="3.313"/>
</testsuite> <!-- com.ddwithPrpertyFile.TestScript2 -->
