<?xml version="1.0" encoding="UTF-8"?>
<!-- Generated by org.testng.reporters.JUnitReportReporter -->
<testsuite hostname="admin" failures="0" tests="1" name="browserExecution.EdgeBrowser" time="8.624" errors="0" timestamp="2024-02-27T15:20:33 IST" skipped="0">
  <testcase classname="browserExecution.EdgeBrowser" name="firefoxbrowser" time="8.624"/>
</testsuite> <!-- browserExecution.EdgeBrowser -->
