<?xml version="1.0" encoding="UTF-8"?>
<!-- Generated by org.testng.reporters.JUnitReportReporter -->
<testsuite hostname="admin" failures="0" tests="2" name="com.testNg.SignOut" time="0.003" errors="0" timestamp="2024-02-20T12:09:00 IST" skipped="0">
  <testcase classname="com.testNg.SignOut" name="displayAcc" time="0.001">
    <system-out>
      <![CDATA[deleted account displyed or not.................]]>
    </system-out>
  </testcase> <!-- displayAcc -->
  <testcase classname="com.testNg.SignOut" name="signout" time="0.002">
    <system-out>
      <![CDATA[succesfully signout]]>
    </system-out>
  </testcase> <!-- signout -->
  <system-out>
    <![CDATA[home page is displayed
log in app successfully
account verified successfully 
signup with email succesfully     dhanashri123@gmail.com
verify account
deleted account displyed or not.................
succesfully signout]]>
  </system-out>
</testsuite> <!-- com.testNg.SignOut -->
