<?xml version="1.0" encoding="UTF-8"?>
<!-- Generated by org.testng.reporters.JUnitReportReporter -->
<testsuite hostname="admin" failures="0" tests="1" name="com.parameterization.Parameter3" time="2.962" errors="0" timestamp="2024-02-21T13:48:10 IST" skipped="0">
  <testcase classname="com.parameterization.Parameter3" name="logIn" time="2.962"/>
</testsuite> <!-- com.parameterization.Parameter3 -->
