<?xml version="1.0" encoding="UTF-8"?>
<!-- Generated by org.testng.reporters.JUnitReportReporter -->
<testsuite hostname="admin" failures="0" tests="3" name="com.orangeHRM.TestScript_01" time="0.013" errors="0" timestamp="2024-02-13T16:17:15 IST" skipped="0">
  <testcase classname="com.orangeHRM.TestScript_01" name="beta" time="0.001">
    <system-out>
      <![CDATA[hello]]>
    </system-out>
  </testcase> <!-- beta -->
  <testcase classname="com.orangeHRM.TestScript_01" name="gamma" time="0.003">
    <system-out>
      <![CDATA[byyyyy]]>
    </system-out>
  </testcase> <!-- gamma -->
  <testcase classname="com.orangeHRM.TestScript_01" name="alpha" time="0.009">
    <system-out>
      <![CDATA[Hiiiiiiiiii]]>
    </system-out>
  </testcase> <!-- alpha -->
  <system-out>
    <![CDATA[Hiiiiiiiiii
hello
byyyyy]]>
  </system-out>
</testsuite> <!-- com.orangeHRM.TestScript_01 -->
