<?xml version="1.0" encoding="UTF-8"?>
<!-- Generated by org.testng.reporters.JUnitReportReporter -->
<testsuite hostname="admin" failures="0" tests="1" name="com.testNg.SeleniumWithTestNg" time="10.067" errors="0" timestamp="2024-02-21T13:50:45 IST" skipped="0">
  <testcase classname="com.testNg.SeleniumWithTestNg" name="login" time="10.067"/>
</testsuite> <!-- com.testNg.SeleniumWithTestNg -->
