<?xml version="1.0" encoding="UTF-8"?>
<!-- Generated by org.testng.reporters.JUnitReportReporter -->
<testsuite hostname="admin" failures="0" tests="1" name="com.ddwithExcelSheet.TestScript3" time="5.946" errors="0" timestamp="2024-03-06T13:52:38 IST" skipped="0">
  <testcase classname="com.ddwithExcelSheet.TestScript3" name="demoMethod" time="5.946"/>
</testsuite> <!-- com.ddwithExcelSheet.TestScript3 -->
