<?xml version="1.0" encoding="UTF-8"?>
<!-- Generated by org.testng.reporters.JUnitReportReporter -->
<testsuite hostname="admin" failures="0" tests="1" name="parameterization.Parameters1" time="0.009" errors="0" timestamp="2024-02-20T14:27:26 IST" skipped="0">
  <testcase classname="parameterization.Parameters1" name="signUp" time="0.009">
    <system-out>
      <![CDATA[Admin
manager]]>
    </system-out>
  </testcase> <!-- signUp -->
  <system-out>
    <![CDATA[Admin
manager]]>
  </system-out>
</testsuite> <!-- parameterization.Parameters1 -->
