<?xml version="1.0" encoding="UTF-8"?>
<!-- Generated by org.testng.reporters.JUnitReportReporter -->
<testsuite hostname="admin" failures="0" tests="5" name="com.orangeHRM.TestScript02" time="0.025" errors="0" timestamp="2024-02-15T14:58:41 IST" skipped="0">
  <testcase classname="com.orangeHRM.TestScript02" name="createAcc" time="0.018">
    <system-out>
      <![CDATA[create account]]>
    </system-out>
  </testcase> <!-- createAcc -->
  <testcase classname="com.orangeHRM.TestScript02" name="editAcc" time="0.001">
    <system-out>
      <![CDATA[edit account]]>
    </system-out>
  </testcase> <!-- editAcc -->
  <testcase classname="com.orangeHRM.TestScript02" name="deleteAcc" time="0.002">
    <system-out>
      <![CDATA[delete account]]>
    </system-out>
  </testcase> <!-- deleteAcc -->
  <testcase classname="com.orangeHRM.TestScript02" name="readAcc" time="0.003">
    <system-out>
      <![CDATA[read account]]>
    </system-out>
  </testcase> <!-- readAcc -->
  <testcase classname="com.orangeHRM.TestScript02" name="updateAcc" time="0.001">
    <system-out>
      <![CDATA[update account]]>
    </system-out>
  </testcase> <!-- updateAcc -->
  <system-out>
    <![CDATA[create account
edit account
delete account
read account
update account]]>
  </system-out>
</testsuite> <!-- com.orangeHRM.TestScript02 -->
