<?xml version="1.0" encoding="UTF-8"?>
<!-- Generated by org.testng.reporters.JUnitReportReporter -->
<testsuite hostname="admin" failures="0" tests="2" name="com.testNg.SignUp" time="0.003" errors="0" timestamp="2024-02-20T12:09:00 IST" skipped="0">
  <testcase classname="com.testNg.SignUp" name="signupwithEmail" time="0.002">
    <system-out>
      <![CDATA[signup with email succesfully     dhanashri123@gmail.com]]>
    </system-out>
  </testcase> <!-- signupwithEmail -->
  <testcase classname="com.testNg.SignUp" name="verifyAcc" time="0.001">
    <system-out>
      <![CDATA[verify account]]>
    </system-out>
  </testcase> <!-- verifyAcc -->
  <system-out>
    <![CDATA[home page is displayed
log in app successfully
account verified successfully 
signup with email succesfully     dhanashri123@gmail.com
verify account
deleted account displyed or not.................
succesfully signout]]>
  </system-out>
</testsuite> <!-- com.testNg.SignUp -->
