<?xml version="1.0" encoding="UTF-8"?>
<!-- Generated by org.testng.reporters.JUnitReportReporter -->
<testsuite hostname="admin" failures="0" tests="1" name="browserExecution.FirefoxBrowser" time="6.594" errors="0" timestamp="2024-02-27T15:20:33 IST" skipped="0">
  <testcase classname="browserExecution.FirefoxBrowser" name="firefoxbrowser" time="6.594"/>
</testsuite> <!-- browserExecution.FirefoxBrowser -->
