<?xml version="1.0" encoding="UTF-8"?>
<!-- Generated by org.testng.reporters.JUnitReportReporter -->
<testsuite hostname="admin" failures="0" tests="2" name="com.testNg.LoginApp" time="0.006" errors="0" timestamp="2024-02-20T12:09:00 IST" skipped="0">
  <testcase classname="com.testNg.LoginApp" name="loginApp" time="0.005">
    <system-out>
      <![CDATA[log in app successfully]]>
    </system-out>
  </testcase> <!-- loginApp -->
  <testcase classname="com.testNg.LoginApp" name="verifyLogin" time="0.001">
    <system-out>
      <![CDATA[account verified successfully ]]>
    </system-out>
  </testcase> <!-- verifyLogin -->
  <system-out>
    <![CDATA[home page is displayed
log in app successfully
account verified successfully 
signup with email succesfully     dhanashri123@gmail.com
verify account
deleted account displyed or not.................
succesfully signout]]>
  </system-out>
</testsuite> <!-- com.testNg.LoginApp -->
