<?xml version="1.0" encoding="UTF-8"?>
<!-- Generated by org.testng.reporters.JUnitReportReporter -->
<testsuite hostname="admin" failures="0" tests="1" name="com.parameterization.DataProvider02" time="6.851" errors="0" timestamp="2024-03-05T13:38:04 IST" skipped="0">
  <testcase classname="com.parameterization.DataProvider02" name="logIn" time="6.851"/>
</testsuite> <!-- com.parameterization.DataProvider02 -->
