<?xml version="1.0" encoding="UTF-8"?>
<!-- Generated by org.testng.reporters.JUnitReportReporter -->
<testsuite hostname="admin" failures="0" tests="2" name="parameterization.DataProvider" time="0.014" errors="0" timestamp="2024-02-20T13:50:18 IST" skipped="0">
  <testcase classname="parameterization.DataProvider" name="signUp" time="0.006">
    <system-out>
      <![CDATA[Admin1
Manager1]]>
    </system-out>
  </testcase> <!-- signUp -->
  <testcase classname="parameterization.DataProvider" name="signUp" time="0.008">
    <system-out>
      <![CDATA[Admin2
Manager2]]>
    </system-out>
  </testcase> <!-- signUp -->
  <system-out>
    <![CDATA[Admin1
Manager1
Admin2
Manager2]]>
  </system-out>
</testsuite> <!-- parameterization.DataProvider -->
