<?xml version="1.0" encoding="UTF-8"?>
<!-- Generated by org.testng.reporters.JUnitReportReporter -->
<testsuite hostname="admin" failures="0" tests="1" name="com.testNg.Homepage" time="0.008" errors="0" timestamp="2024-02-20T12:09:00 IST" skipped="0">
  <testcase classname="com.testNg.Homepage" name="display" time="0.008">
    <system-out>
      <![CDATA[home page is displayed]]>
    </system-out>
  </testcase> <!-- display -->
  <system-out>
    <![CDATA[home page is displayed
log in app successfully
account verified successfully 
signup with email succesfully     dhanashri123@gmail.com
verify account
deleted account displyed or not.................
succesfully signout]]>
  </system-out>
</testsuite> <!-- com.testNg.Homepage -->
