<?xml version="1.0" encoding="UTF-8"?>
<!-- Generated by org.testng.reporters.JUnitReportReporter -->
<testsuite hostname="admin" failures="0" tests="2" name="com.testNg.TestExecution" time="0.012" errors="0" timestamp="2024-02-21T14:35:37 IST" skipped="0">
  <testcase classname="com.testNg.TestExecution" name="f" time="0.009"/>
  <testcase classname="com.testNg.TestExecution" name="f" time="0.003"/>
  <system-out>
    <![CDATA[before suit
before method
before class
after class
after test
after suit]]>
  </system-out>
</testsuite> <!-- com.testNg.TestExecution -->
