<?xml version="1.0" encoding="UTF-8"?>
<!-- Generated by org.testng.reporters.JUnitReportReporter -->
<testsuite hostname="admin" failures="0" tests="1" name="com.ddwithPrpertyFile.MainAppForUtility" time="10.272" errors="0" timestamp="2024-03-06T13:50:58 IST" skipped="0">
  <testcase classname="com.ddwithPrpertyFile.MainAppForUtility" name="login" time="10.272"/>
</testsuite> <!-- com.ddwithPrpertyFile.MainAppForUtility -->
