<?xml version="1.0" encoding="UTF-8"?>
<!-- Generated by org.testng.reporters.JUnitReportReporter -->
<testsuite hostname="admin" failures="0" tests="3" name="parallel.ParallelExe3" time="0.004" errors="0" timestamp="2024-02-28T16:03:59 IST" skipped="0">
  <testcase classname="parallel.ParallelExe3" name="testMethod_9" time="0.001"/>
  <testcase classname="parallel.ParallelExe3" name="testMethod_8" time="0.001"/>
  <testcase classname="parallel.ParallelExe3" name="testMethod_7" time="0.002"/>
</testsuite> <!-- parallel.ParallelExe3 -->
