<?xml version="1.0" encoding="UTF-8"?>
<!-- Generated by org.testng.reporters.JUnitReportReporter -->
<testsuite hostname="admin" failures="0" tests="1" name="com.parameterization.Parameter2" time="0.010" errors="0" timestamp="2024-02-20T14:52:47 IST" skipped="0">
  <testcase classname="com.parameterization.Parameter2" name="signUp" time="0.010">
    <system-out>
      <![CDATA[manager
Admin]]>
    </system-out>
  </testcase> <!-- signUp -->
  <system-out>
    <![CDATA[manager
Admin]]>
  </system-out>
</testsuite> <!-- com.parameterization.Parameter2 -->
