<?xml version="1.0" encoding="UTF-8"?>
<!-- Generated by org.testng.reporters.JUnitReportReporter -->
<testsuite hostname="admin" failures="0" tests="1" name="com.testNg.Execution" time="0.007" errors="0" timestamp="2024-02-21T14:50:21 IST" skipped="0">
  <testcase classname="com.testNg.Execution" name="f" time="0.007"/>
  <system-out>
    <![CDATA[before suit
before test
before class
before method
after method
after class
after test
agter suit]]>
  </system-out>
</testsuite> <!-- com.testNg.Execution -->
